<?xml version="1.0" encoding="UTF-8"?>
<!-- Generated by org.testng.reporters.JUnitReportReporter -->
<testsuite hostname="Haritas-MacBook-Pro.local" failures="0" tests="1" name="com.testng.testcase.LeadsTest" time="25.631" errors="0" timestamp="2025-01-12T12:20:32 PST" skipped="0">
  <testcase classname="com.testng.testcase.LeadsTest" name="CreateOpty_TC22" time="25.631"/>
</testsuite> <!-- com.testng.testcase.LeadsTest -->
