<?xml version="1.0" encoding="UTF-8"?>
<!-- Generated by org.testng.reporters.JUnitReportReporter -->
<testsuite hostname="Haritas-MacBook-Pro.local" failures="0" tests="2" name="com.testng.testcase.LoginTest" time="12.793" errors="0" timestamp="2024-12-14T05:04:54 PST" skipped="0">
  <testcase classname="com.testng.testcase.LoginTest" name="loginwithinvalidpassword" time="5.030"/>
  <testcase classname="com.testng.testcase.LoginTest" name="validlogin" time="7.763"/>
</testsuite> <!-- com.testng.testcase.LoginTest -->
