<?xml version="1.0" encoding="UTF-8"?>
<!-- Generated by org.testng.reporters.JUnitReportReporter -->
<testsuite hostname="Haritas-MacBook-Pro.local" failures="0" tests="1" name="com.testng.testcase.CreateOptyTest" time="20.349" errors="0" timestamp="2025-01-02T21:32:07 PST" skipped="0">
  <testcase classname="com.testng.testcase.CreateOptyTest" name="CreateOpty_TC19" time="20.349"/>
</testsuite> <!-- com.testng.testcase.CreateOptyTest -->
