<?xml version="1.0" encoding="UTF-8"?>
<!-- Generated by org.testng.reporters.JUnitReportReporter -->
<testsuite hostname="Haritas-MacBook-Pro.local" failures="0" tests="1" name="com.testng.testcase.RandScenTest" time="16.736" errors="0" timestamp="2025-01-06T21:58:37 PST" skipped="0">
  <testcase classname="com.testng.testcase.RandScenTest" name="verifyTabCustomization_TC35" time="16.736"/>
</testsuite> <!-- com.testng.testcase.RandScenTest -->
