<?xml version="1.0" encoding="UTF-8"?>
<!-- Generated by org.testng.reporters.JUnitReportReporter -->
<testsuite hostname="Haritas-MacBook-Pro.local" failures="0" tests="6" name="com.testng.testcase.LoginTest" time="53.673" errors="0" timestamp="2025-01-19T16:24:03 PST" skipped="0">
  <testcase classname="com.testng.testcase.LoginTest" name="validlogin_tc02" time="11.718"/>
  <testcase classname="com.testng.testcase.LoginTest" name="loginwithinvalidpassword" time="6.640"/>
  <testcase classname="com.testng.testcase.LoginTest" name="forgotpassword_tc04b" time="5.125"/>
  <testcase classname="com.testng.testcase.LoginTest" name="forgotpassword_tc04a" time="5.790"/>
  <testcase classname="com.testng.testcase.LoginTest" name="loginrememberme_tc03" time="19.199"/>
  <testcase classname="com.testng.testcase.LoginTest" name="loginwithoutpassword_tc01" time="5.201"/>
</testsuite> <!-- com.testng.testcase.LoginTest -->
