<?xml version="1.0" encoding="UTF-8"?>
<!-- Generated by org.testng.reporters.JUnitReportReporter -->
<testsuite hostname="Haritas-MacBook-Pro.local" failures="0" tests="1" name="com.testng.testcase.CreateaccountTest" time="24.243" errors="0" timestamp="2025-01-01T22:28:24 PST" skipped="0">
  <testcase classname="com.testng.testcase.CreateaccountTest" name="createAccount_TC10" time="24.243"/>
</testsuite> <!-- com.testng.testcase.CreateaccountTest -->
