<?xml version="1.0" encoding="UTF-8"?>
<!-- Generated by org.testng.reporters.JUnitReportReporter -->
<testsuite hostname="Haritas-MacBook-Pro.local" failures="0" tests="1" name="com.testng.testcase.LoginTest" time="7.273" errors="0" timestamp="2024-12-31T21:41:20 PST" skipped="0">
  <testcase classname="com.testng.testcase.LoginTest" name="forgotpassword_tc04b" time="7.273"/>
</testsuite> <!-- com.testng.testcase.LoginTest -->
