<?xml version="1.0" encoding="UTF-8"?>
<!-- Generated by org.testng.reporters.JUnitReportReporter -->
<testsuite hostname="Haritas-MacBook-Pro.local" failures="0" tests="1" name="com.testng.testcase.ContactTest" time="21.778" errors="0" timestamp="2025-01-05T16:57:36 PST" skipped="0">
  <testcase classname="com.testng.testcase.ContactTest" name="createNewContact_TC32" time="21.778"/>
</testsuite> <!-- com.testng.testcase.ContactTest -->
