<?xml version="1.0" encoding="UTF-8"?>
<!-- Generated by org.testng.reporters.JUnitReportReporter -->
<testsuite hostname="Haritas-MacBook-Pro.local" failures="0" tests="2" name="com.testng.testcase.LoginTest" time="36.067" errors="0" timestamp="2024-12-14T15:34:24 PST" skipped="0">
  <testcase classname="com.testng.testcase.LoginTest" name="validlogin" time="19.506"/>
  <testcase classname="com.testng.testcase.LoginTest" name="loginwithinvalidpassword" time="16.561"/>
</testsuite> <!-- com.testng.testcase.LoginTest -->
