<?xml version="1.0" encoding="UTF-8"?>
<!-- Generated by org.testng.reporters.JUnitReportReporter -->
<testsuite hostname="Haritas-MacBook-Pro.local" failures="0" tests="6" name="com.testng.testcase.LoginTest" time="82.194" errors="0" timestamp="2025-01-19T16:35:31 PST" skipped="0">
  <testcase classname="com.testng.testcase.LoginTest" name="loginwithoutpassword_tc01" time="7.444"/>
  <testcase classname="com.testng.testcase.LoginTest" name="loginrememberme_tc03" time="28.632"/>
  <testcase classname="com.testng.testcase.LoginTest" name="forgotpassword_tc04a" time="9.031"/>
  <testcase classname="com.testng.testcase.LoginTest" name="validlogin_tc02" time="14.218"/>
  <testcase classname="com.testng.testcase.LoginTest" name="forgotpassword_tc04b" time="10.333"/>
  <testcase classname="com.testng.testcase.LoginTest" name="loginwithinvalidpassword" time="12.536"/>
</testsuite> <!-- com.testng.testcase.LoginTest -->
