<?xml version="1.0" encoding="UTF-8"?>
<!-- Generated by org.testng.reporters.JUnitReportReporter -->
<testsuite hostname="Haritas-MacBook-Pro.local" failures="0" tests="1" name="com.testng.testcase.HomeTest" time="14.980" errors="0" timestamp="2025-01-19T16:35:31 PST" skipped="0">
  <testcase classname="com.testng.testcase.HomeTest" name="clickonhomebutton" time="14.980"/>
</testsuite> <!-- com.testng.testcase.HomeTest -->
