<?xml version="1.0" encoding="UTF-8"?>
<!-- Generated by org.testng.reporters.JUnitReportReporter -->
<testsuite hostname="Haritas-MacBook-Pro.local" failures="0" tests="1" name="com.testng.testcase.HomeTest" time="19.485" errors="0" timestamp="2024-12-14T15:34:24 PST" skipped="0">
  <testcase classname="com.testng.testcase.HomeTest" name="clickonhomebutton" time="19.485"/>
</testsuite> <!-- com.testng.testcase.HomeTest -->
