<?xml version="1.0" encoding="UTF-8"?>
<!-- Generated by org.testng.reporters.JUnitReportReporter -->
<testsuite hostname="Haritas-MacBook-Pro.local" failures="0" tests="2" name="com.testng.testcase.LoginTest" time="16.665" errors="0" timestamp="2024-12-23T01:07:35 PST" skipped="0">
  <testcase classname="com.testng.testcase.LoginTest" name="loginwithinvalidpassword" time="5.910"/>
  <testcase classname="com.testng.testcase.LoginTest" name="validlogin" time="10.755"/>
</testsuite> <!-- com.testng.testcase.LoginTest -->
